This is pdfTeXk, Version 3.141592-1.40.3 (Web2C 7.5.6) (format=pdflatex 2008.2.29)  16 OCT 2013 13:23
entering extended mode
\write18 enabled.
 %&-line parsing enabled.
**large-p-small-n-paper.tex
(./large-p-small-n-paper.tex
LaTeX2e <2005/12/01>
Babel <v3.8h> and hyphenation patterns for english, usenglishmax, dumylang, noh
yphenation, arabic, basque, bulgarian, coptic, welsh, czech, slovak, german, ng
erman, danish, esperanto, spanish, catalan, galician, estonian, farsi, finnish,
 french, greek, monogreek, ancientgreek, croatian, hungarian, interlingua, ibyc
us, indonesian, icelandic, italian, latin, mongolian, dutch, norsk, polish, por
tuguese, pinyin, romanian, russian, slovenian, uppersorbian, serbian, swedish, 
turkish, ukenglish, ukrainian, loaded.

LaTeX Warning: File `example.eps' already exists on the system.
               Not generating it from this source.

(/usr/local/texlive/2007/texmf-dist/tex/latex/base/fix-cm.sty
Package: fix-cm 2006/03/24 v1.1n fixes to LaTeX

(/usr/local/texlive/2007/texmf-dist/tex/latex/base/ts1enc.def
File: ts1enc.def 2001/06/05 v3.0e (jk/car/fm) Standard LaTeX file
)) (./svjour3.cls
Document Class: svjour3 2007/05/08 v3.2 
LaTeX document class for Springer journals
Class Springer-SVJour3 Info: extra/valid Springer sub-package (-> *.clo) 
(Springer-SVJour3)           not found in option list of \documentclass
(Springer-SVJour3)           - autoactivating "global" style.
(./svglov3.clo
File: svglov3.clo 2009/12/18 v3.2 style option for standardised journals

SVJour Class option: svglov3.clo for standardised journals
)
LaTeX Font Info:    Redeclaring math symbol \Gamma on input line 147.
LaTeX Font Info:    Redeclaring math symbol \Delta on input line 148.
LaTeX Font Info:    Redeclaring math symbol \Theta on input line 149.
LaTeX Font Info:    Redeclaring math symbol \Lambda on input line 150.
LaTeX Font Info:    Redeclaring math symbol \Xi on input line 151.
LaTeX Font Info:    Redeclaring math symbol \Pi on input line 152.
LaTeX Font Info:    Redeclaring math symbol \Sigma on input line 153.
LaTeX Font Info:    Redeclaring math symbol \Upsilon on input line 154.
LaTeX Font Info:    Redeclaring math symbol \Phi on input line 155.
LaTeX Font Info:    Redeclaring math symbol \Psi on input line 156.
LaTeX Font Info:    Redeclaring math symbol \Omega on input line 157.
\logodepth=\dimen102
\headerboxheight=\dimen103
\betweenumberspace=\dimen104
\aftertext=\dimen105
\headlineindent=\dimen106
\c@inst=\count79
\c@auth=\count80
\instindent=\dimen107
\authrun=\box26
\authorrunning=\toks14
\titrun=\box27
\titlerunning=\toks15
\combirun=\box28
\c@lastpage=\count81
\rubricwidth=\dimen108
\c@section=\count82
\c@subsection=\count83
\c@subsubsection=\count84
\c@paragraph=\count85
\c@subparagraph=\count86
\spthmsep=\dimen109
\c@theorem=\count87
\c@case=\count88
\c@conjecture=\count89
\c@corollary=\count90
\c@definition=\count91
\c@example=\count92
\c@exercise=\count93
\c@lemma=\count94
\c@note=\count95
\c@problem=\count96
\c@property=\count97
\c@proposition=\count98
\c@question=\count99
\c@solution=\count100
\c@remark=\count101
\c@figure=\count102
\c@table=\count103
\abovecaptionskip=\skip41
\belowcaptionskip=\skip42
\figcapgap=\dimen110
\tabcapgap=\dimen111
\figgap=\dimen112
\bibindent=\dimen113
\@tempcntc=\count104
) (/usr/local/texlive/2007/texmf-dist/tex/latex/graphics/graphicx.sty
Package: graphicx 1999/02/16 v1.0f Enhanced LaTeX Graphics (DPC,SPQR)

(/usr/local/texlive/2007/texmf-dist/tex/latex/graphics/keyval.sty
Package: keyval 1999/03/16 v1.13 key=value parser (DPC)
\KV@toks@=\toks16
)
(/usr/local/texlive/2007/texmf-dist/tex/latex/graphics/graphics.sty
Package: graphics 2006/02/20 v1.0o Standard LaTeX Graphics (DPC,SPQR)

(/usr/local/texlive/2007/texmf-dist/tex/latex/graphics/trig.sty
Package: trig 1999/03/16 v1.09 sin cos tan (DPC)
)
(/usr/local/texlive/2007/texmf/tex/latex/config/graphics.cfg
File: graphics.cfg 2007/01/18 v1.5 graphics configuration of teTeX/TeXLive
)
Package graphics Info: Driver file: pdftex.def on input line 90.

(/usr/local/texlive/2007/texmf-dist/tex/latex/pdftex-def/pdftex.def
File: pdftex.def 2007/01/08 v0.04d Graphics/color for pdfTeX
\Gread@gobject=\count105
))
\Gin@req@height=\dimen114
\Gin@req@width=\dimen115
)
(/usr/local/texlive/2007/texmf-dist/tex/latex/psnfss/times.sty
Package: times 2005/04/12 PSNFSS-v9.2a (SPQR) 
)
(/usr/local/texlive/2007/texmf-dist/tex/latex/natbib/natbib.sty
Package: natbib 2007/02/05 8.0 (PWD)
\bibhang=\skip43
\bibsep=\skip44
LaTeX Info: Redefining \cite on input line 602.
\c@NAT@ctr=\count106
)
(/usr/local/texlive/2007/texmf-dist/tex/latex/tools/multicol.sty
Package: multicol 2006/05/18 v1.6g multicolumn formatting (FMi)
\c@tracingmulticols=\count107
\mult@box=\box29
\multicol@leftmargin=\dimen116
\c@unbalance=\count108
\c@collectmore=\count109
\doublecol@number=\count110
\multicoltolerance=\count111
\multicolpretolerance=\count112
\full@width=\dimen117
\page@free=\dimen118
\premulticols=\dimen119
\postmulticols=\dimen120
\multicolsep=\skip45
\multicolbaselineskip=\skip46
\partial@page=\box30
\last@line=\box31
\mult@rightbox=\box32
\mult@grightbox=\box33
\mult@gfirstbox=\box34
\mult@firstbox=\box35
\@tempa=\box36
\@tempa=\box37
\@tempa=\box38
\@tempa=\box39
\@tempa=\box40
\@tempa=\box41
\@tempa=\box42
\@tempa=\box43
\@tempa=\box44
\@tempa=\box45
\@tempa=\box46
\@tempa=\box47
\@tempa=\box48
\@tempa=\box49
\@tempa=\box50
\@tempa=\box51
\@tempa=\box52
\c@columnbadness=\count113
\c@finalcolumnbadness=\count114
\last@try=\dimen121
\multicolovershoot=\dimen122
\multicolundershoot=\dimen123
\mult@nat@firstbox=\box53
\colbreak@box=\box54
)
(/usr/local/texlive/2007/texmf-dist/tex/latex/hyperref/hyperref.sty
Package: hyperref 2007/02/07 v6.75r Hypertext links for LaTeX
\@linkdim=\dimen124
\Hy@linkcounter=\count115
\Hy@pagecounter=\count116

(/usr/local/texlive/2007/texmf-dist/tex/latex/hyperref/pd1enc.def
File: pd1enc.def 2007/02/07 v6.75r Hyperref: PDFDocEncoding definition (HO)
)
(/usr/local/texlive/2007/texmf/tex/latex/config/hyperref.cfg
File: hyperref.cfg 2002/06/06 v1.2 hyperref configuration of TeXLive
)
(/usr/local/texlive/2007/texmf-dist/tex/latex/oberdiek/kvoptions.sty
Package: kvoptions 2006/08/22 v2.4 Connects package keyval with LaTeX options (
HO)
)
Package hyperref Info: Hyper figures OFF on input line 2288.
Package hyperref Info: Link nesting OFF on input line 2293.
Package hyperref Info: Hyper index ON on input line 2296.
Package hyperref Info: Plain pages OFF on input line 2303.
Package hyperref Info: Backreferencing OFF on input line 2308.

Implicit mode ON; LaTeX internals redefined
Package hyperref Info: Bookmarks ON on input line 2444.
(/usr/local/texlive/2007/texmf-dist/tex/latex/ltxmisc/url.sty
\Urlmuskip=\muskip10
Package: url 2005/06/27  ver 3.2  Verb mode for urls, etc.
)
LaTeX Info: Redefining \url on input line 2599.
\Fld@menulength=\count117
\Field@Width=\dimen125
\Fld@charsize=\dimen126
\Choice@toks=\toks17
\Field@toks=\toks18
Package hyperref Info: Hyper figures OFF on input line 3102.
Package hyperref Info: Link nesting OFF on input line 3107.
Package hyperref Info: Hyper index ON on input line 3110.
Package hyperref Info: backreferencing OFF on input line 3117.
Package hyperref Info: Link coloring OFF on input line 3122.
\Hy@abspage=\count118
\c@Item=\count119
\c@Hfootnote=\count120
)
*hyperref using default driver hpdftex*
(/usr/local/texlive/2007/texmf-dist/tex/latex/hyperref/hpdftex.def
File: hpdftex.def 2007/02/07 v6.75r Hyperref driver for pdfTeX
\Fld@listcount=\count121
)
(/usr/local/texlive/2007/texmf-dist/tex/latex/amsmath/amsmath.sty
Package: amsmath 2000/07/18 v2.13 AMS math features
\@mathmargin=\skip47

For additional information on amsmath, use the `?' option.
(/usr/local/texlive/2007/texmf-dist/tex/latex/amsmath/amstext.sty
Package: amstext 2000/06/29 v2.01

(/usr/local/texlive/2007/texmf-dist/tex/latex/amsmath/amsgen.sty
File: amsgen.sty 1999/11/30 v2.0
\@emptytoks=\toks19
\ex@=\dimen127
))
(/usr/local/texlive/2007/texmf-dist/tex/latex/amsmath/amsbsy.sty
Package: amsbsy 1999/11/29 v1.2d
\pmbraise@=\dimen128
)
(/usr/local/texlive/2007/texmf-dist/tex/latex/amsmath/amsopn.sty
Package: amsopn 1999/12/14 v2.01 operator names
)
\inf@bad=\count122
LaTeX Info: Redefining \frac on input line 211.
\uproot@=\count123
\leftroot@=\count124
LaTeX Info: Redefining \overline on input line 307.
\classnum@=\count125
\DOTSCASE@=\count126
LaTeX Info: Redefining \ldots on input line 379.
LaTeX Info: Redefining \dots on input line 382.
LaTeX Info: Redefining \cdots on input line 467.
\Mathstrutbox@=\box55
\strutbox@=\box56
\big@size=\dimen129
LaTeX Font Info:    Redeclaring font encoding OML on input line 567.
LaTeX Font Info:    Redeclaring font encoding OMS on input line 568.


Package amsmath Warning: Unable to redefine math accent \vec.

\macc@depth=\count127
\c@MaxMatrixCols=\count128
\dotsspace@=\muskip11
\c@parentequation=\count129
\dspbrk@lvl=\count130
\tag@help=\toks20
\row@=\count131
\column@=\count132
\maxfields@=\count133
\andhelp@=\toks21
\eqnshift@=\dimen130
\alignsep@=\dimen131
\tagshift@=\dimen132
\tagwidth@=\dimen133
\totwidth@=\dimen134
\lineht@=\dimen135
\@envbody=\toks22
\multlinegap=\skip48
\multlinetaggap=\skip49
\mathdisplay@stack=\toks23
LaTeX Info: Redefining \[ on input line 2666.
LaTeX Info: Redefining \] on input line 2667.
) (/usr/local/texlive/2007/texmf-dist/tex/latex/amsfonts/amssymb.sty
Package: amssymb 2002/01/22 v2.2d

(/usr/local/texlive/2007/texmf-dist/tex/latex/amsfonts/amsfonts.sty
Package: amsfonts 2001/10/25 v2.2f
\symAMSa=\mathgroup4
\symAMSb=\mathgroup5
LaTeX Font Info:    Overwriting math alphabet `\mathfrak' in version `bold'
(Font)                  U/euf/m/n --> U/euf/b/n on input line 132.
))
(/usr/local/texlive/2007/texmf-dist/tex/latex/preprint/fullpage.sty
Package: fullpage 1999/02/23 1.1 (PWD)
\FP@margin=\skip50
)
(/usr/local/texlive/2007/texmf-dist/tex/latex/tools/array.sty
Package: array 2005/08/23 v2.4b Tabular extension package (FMi)
\col@sep=\dimen136
\extrarowheight=\dimen137
\NC@list=\toks24
\extratabsurround=\skip51
\backup@length=\skip52
)
(/usr/local/texlive/2007/texmf-dist/tex/latex/algorithm2e/algorithm2e.sty
Package: algorithm2e 2005/10/04 v3.9 algorithms environments
\c@AlgoLine=\count134

(/usr/local/texlive/2007/texmf-dist/tex/latex/base/ifthen.sty
Package: ifthen 2001/05/26 v1.1c Standard LaTeX ifthen package (DPC)
)
(/usr/local/texlive/2007/texmf-dist/tex/latex/tools/xspace.sty
Package: xspace 2006/05/08 v1.12 Space after command names (DPC,MH)
)
********************************************************
Package `algorithm2e' Release 3.9 -- october 04 2005 --
- algorithm2e-announce@lirmm.fr mailing list for announcement about releases
- algorithm2e-discussion@lirmm.fr mailing list for discussion about package
subscribe by emailing sympa@lirmm.fr with 'subscribe <list> <firstname name>'
- Author: Christophe Fiorio (fiorio@lirmm.fr)
********************************************************
\skiptotal=\skip53
\skiprule=\skip54
\skiphlne=\skip55
\skiptext=\skip56
\skiplength=\skip57
\algomargin=\skip58
\skipalgocfslide=\skip59
\algowidth=\dimen138
\inoutsize=\dimen139
\inoutline=\dimen140
\algocf@inoutbox=\box57
\algocf@inputbox=\box58
\AlCapSkip=\skip60
\AlCapHSkip=\skip61
\algocf@capbox=\box59
\c@algocfline=\count135
\c@algocf=\count136
\algocf@algoframe=\box60
\algocf@algobox=\box61
) (/usr/local/texlive/2007/texmf-dist/tex/latex/mh/mathtools.sty
Package: mathtools 2004/10/10 v1.01a mathematical typesetting tools (MH)

(/usr/local/texlive/2007/texmf-dist/tex/latex/tools/calc.sty
Package: calc 2005/08/06 v4.2 Infix arithmetic (KKT,FJ)
\calc@Acount=\count137
\calc@Bcount=\count138
\calc@Adimen=\dimen141
\calc@Bdimen=\dimen142
\calc@Askip=\skip62
\calc@Bskip=\skip63
LaTeX Info: Redefining \setlength on input line 75.
LaTeX Info: Redefining \addtolength on input line 76.
\calc@Ccount=\count139
\calc@Cskip=\skip64
)
(/usr/local/texlive/2007/texmf-dist/tex/latex/mh/mhsetup.sty
Package: mhsetup 2004/10/10 v1.0b programming setup (MH)
)
\g_MT_multlinerow_int=\count140
\l_MT_multwidth_dim=\dimen143
)
(/usr/local/texlive/2007/texmf-dist/tex/latex3/xparse/xparse.sty
Package: xparse 1999/09/10 v0.17 generic document command parser

(/usr/local/texlive/2007/texmf-dist/tex/latex3/xparse/ldcsetup.sty
Package: ldcsetup 1999/09/10 v0.04 coding conventions and stuff
\KV@toks=\toks25
)
\@temptokenb=\toks26
\xparsed@args=\toks27
)
(/usr/local/texlive/2007/texmf-dist/tex/latex/graphics/color.sty
Package: color 2005/11/14 v1.0j Standard LaTeX Color (DPC)

(/usr/local/texlive/2007/texmf/tex/latex/config/color.cfg
File: color.cfg 2007/01/18 v1.5 color configuration of teTeX/TeXLive
)
Package color Info: Driver file: pdftex.def on input line 130.
)
(/usr/local/texlive/2007/texmf-dist/tex/latex/subfigure/subfigure.sty
Package: subfigure 2002/03/15 v2.1.5 subfigure package
\subfigtopskip=\skip65
\subfigcapskip=\skip66
\subfigcaptopadj=\dimen144
\subfigbottomskip=\skip67
\subfigcapmargin=\dimen145
\subfiglabelskip=\skip68
\c@subfigure=\count141
\c@lofdepth=\count142
\c@subtable=\count143
\c@lotdepth=\count144

****************************************
* Local config file subfigure.cfg used *
****************************************
(/usr/local/texlive/2007/texmf-dist/tex/latex/subfigure/subfigure.cfg)
\subfig@top=\skip69
\subfig@bottom=\skip70
)
\c@thm=\count145
\c@dfn=\count146
\c@cor=\count147
\c@con=\count148

(./large-p-small-n-paper.aux)
\openout1 = `large-p-small-n-paper.aux'.

LaTeX Font Info:    Checking defaults for OML/cmm/m/it on input line 89.
LaTeX Font Info:    ... okay on input line 89.
LaTeX Font Info:    Checking defaults for T1/cmr/m/n on input line 89.
LaTeX Font Info:    ... okay on input line 89.
LaTeX Font Info:    Checking defaults for OT1/cmr/m/n on input line 89.
LaTeX Font Info:    ... okay on input line 89.
LaTeX Font Info:    Checking defaults for OMS/cmsy/m/n on input line 89.
LaTeX Font Info:    ... okay on input line 89.
LaTeX Font Info:    Checking defaults for OMX/cmex/m/n on input line 89.
LaTeX Font Info:    ... okay on input line 89.
LaTeX Font Info:    Checking defaults for U/cmr/m/n on input line 89.
LaTeX Font Info:    ... okay on input line 89.
LaTeX Font Info:    Checking defaults for TS1/cmr/m/n on input line 89.
LaTeX Font Info:    ... okay on input line 89.
LaTeX Font Info:    Checking defaults for PD1/pdf/m/n on input line 89.
LaTeX Font Info:    ... okay on input line 89.
LaTeX Font Info:    Try loading font information for OT1+ptm on input line 89.

(/usr/local/texlive/2007/texmf-dist/tex/latex/psnfss/ot1ptm.fd
File: ot1ptm.fd 2001/06/04 font definitions for OT1/ptm.
)
Unknown journal: specify \journalname{<name of your journal>} in preambel

(/usr/local/texlive/2007/texmf-dist/tex/context/base/supp-pdf.tex
[Loading MPS to PDF converter (version 2006.09.02).]
\scratchcounter=\count149
\scratchdimen=\dimen146
\scratchbox=\box62
\nofMPsegments=\count150
\nofMParguments=\count151
\MPscratchCnt=\count152
\MPscratchDim=\dimen147
\MPnumerator=\count153
\everyMPtoPDFconversion=\toks28
)
Package hyperref Info: Link coloring OFF on input line 89.
 (/usr/local/texlive/2007/texmf-dist/tex/latex/hyperref/nameref.sty
Package: nameref 2006/12/27 v2.28 Cross-referencing by name of section

(/usr/local/texlive/2007/texmf-dist/tex/latex/oberdiek/refcount.sty
Package: refcount 2006/02/20 v3.0 Data extraction from references (HO)
)
\c@section@level=\count154
)
LaTeX Info: Redefining \ref on input line 89.
LaTeX Info: Redefining \pageref on input line 89.

(./large-p-small-n-paper.out) (./large-p-small-n-paper.out)
\@outlinefile=\write3
\openout3 = `large-p-small-n-paper.out'.


SVJour3 warning: Missing \journalname
LaTeX Font Info:    Font shape `OT1/ptm/bx/n' in size <10> not available
(Font)              Font shape `OT1/ptm/b/n' tried instead on input line 116.
LaTeX Font Info:    Font shape `OT1/ptm/bx/n' in size <13> not available
(Font)              Font shape `OT1/ptm/b/n' tried instead on input line 116.
LaTeX Font Info:    Try loading font information for U+msa on input line 116.
(/usr/local/texlive/2007/texmf-dist/tex/latex/amsfonts/umsa.fd
File: umsa.fd 2002/01/19 v2.2g AMS font definitions
)
LaTeX Font Info:    Try loading font information for U+msb on input line 116.

(/usr/local/texlive/2007/texmf-dist/tex/latex/amsfonts/umsb.fd
File: umsb.fd 2002/01/19 v2.2g AMS font definitions
)

Package natbib Warning: Citation `hall:2005' on page 1 undefined on input line 
125.


Package natbib Warning: Citation `marron:2007' on page 1 undefined on input lin
e 125.

[1{/usr/local/texlive/2007/texmf-var/fonts/map/pdftex/updmap/pdftex.map}]

Package natbib Warning: Citation `marron:2007' on page 2 undefined on input lin
e 130.


Package natbib Warning: Citation `marron:2011' on page 2 undefined on input lin
e 131.


Package natbib Warning: Citation `yata:2010' on page 2 undefined on input line 
131.


Package natbib Warning: Citation `donoho:2009' on page 2 undefined on input lin
e 131.


Package natbib Warning: Citation `donoho:2008' on page 2 undefined on input lin
e 131.


Package natbib Warning: Citation `witten:2011' on page 2 undefined on input lin
e 131.


Package natbib Warning: Citation `lee:2009' on page 2 undefined on input line 1
31.


Package natbib Warning: Citation `toth:2010' on page 2 undefined on input line 
133.


Package natbib Warning: Citation `dudoit:2002' on page 2 undefined on input lin
e 133.


Package natbib Warning: Citation `buja:2009' on page 2 undefined on input line 
135.


Package natbib Warning: Citation `majumder:2011' on page 2 undefined on input l
ine 135.

<toth_lda.pdf, id=41, 433.62pt x 433.62pt>
File: toth_lda.pdf Graphic file (type pdf)
 <use toth_lda.pdf>
LaTeX Font Info:    Font shape `OT1/ptm/bx/n' in size <8> not available
(Font)              Font shape `OT1/ptm/b/n' tried instead on input line 140.


Package natbib Warning: Citation `toth:2010' on page 2 undefined on input line 
140.


Package natbib Warning: Citation `toth:2010' on page 2 undefined on input line 
140.


Package natbib Warning: Citation `turk' on page 2 undefined on input line 144.

[2 <./toth_lda.pdf>]

Package natbib Warning: Citation `buja:2009' on page 3 undefined on input line 
148.


Package natbib Warning: Citation `majumder:2011' on page 3 undefined on input l
ine 148.



pdfTeX warning: /usr/texbin/pdflatex (file ./down_arrow.pdf): PDF inclusion: fo
und PDF version <1.6>, but at most version <1.4> allowed
<down_arrow.pdf, id=58, 170.86836pt x 72.27pt>
File: down_arrow.pdf Graphic file (type pdf)
 <use down_arrow.pdf>
File: down_arrow.pdf Graphic file (type pdf)

<use down_arrow.pdf> <data-dot-rev.pdf, id=59, 289.08pt x 216.81pt>
File: data-dot-rev.pdf Graphic file (type pdf)

<use data-dot-rev.pdf>
Overfull \hbox (72.72676pt too wide) in paragraph at lines 164--164
 [] 
 []

File: down_arrow.pdf Graphic file (type pdf)
<use down_arrow.pdf>
File: down_arrow.pdf Graphic file (type pdf)
 <use down_arrow.pdf>
<two-sided-rejection.pdf, id=60, 177.16919pt x 133.15889pt>
File: two-sided-rejection.pdf Graphic file (type pdf)

<use two-sided-rejection.pdf>
Overfull \hbox (45.90524pt too wide) in paragraph at lines 168--168
 [] 
 []

<lineup-dot-rev.pdf, id=61, 445.665pt x 373.395pt>
File: lineup-dot-rev.pdf Graphic file (type pdf)
 <use lineup-dot-rev.pdf>
Overfull \hbox (86.56041pt too wide) in paragraph at lines 168--168
 [] 
 []

File: down_arrow.pdf Graphic file (type pdf)
<use down_arrow.pdf>
File: down_arrow.pdf Graphic file (type pdf)
 <use down_arrow.pdf>

Package natbib Warning: Citation `majumder:2011' on page 3 undefined on input l
ine 182.

File: lineup-dot-rev.pdf Graphic file (type pdf)
<use lineup-dot-rev.pdf>

Package natbib Warning: Citation `majumder:2011' on page 3 undefined on input l
ine 191.


Package natbib Warning: Citation `turk' on page 3 undefined on input line 191.


Package natbib Warning: Citation `friedman:1974' on page 3 undefined on input l
ine 196.


Package natbib Warning: Citation `huber:1985' on page 3 undefined on input line
 196.

[3]

Package natbib Warning: Citation `lee:2009' on page 4 undefined on input line 1
98.


Package natbib Warning: Citation `lee:2009' on page 4 undefined on input line 2
22.

[4 <./down_arrow.pdf> <./data-dot-rev.pdf> <./two-sided-rejection.pdf> <./lineu
p-dot-rev.pdf>]pdfTeX warning (ext4): destination with the same identifier (nam
e{equation.2}) has been already used, duplicate ignored
<to be read again> 
                   \relax 
l.224 \begin{eqnarray}
                      pdfTeX warning (ext4): destination with the same identifi
er (name{equation.2}) has been already used, duplicate ignored
<to be read again> 
                   \relax 
l.233 \begin{eqnarray}
                      

Package natbib Warning: Citation `witten:2011' on page 5 undefined on input lin
e 240.

[5]
LaTeX Font Info:    Try loading font information for OT1+pcr on input line 242.

 (/usr/local/texlive/2007/texmf-dist/tex/latex/psnfss/ot1pcr.fd
File: ot1pcr.fd 2001/06/04 font definitions for OT1/pcr.
)

Package natbib Warning: Citation `tourr:2011' on page 6 undefined on input line
 242.


Package natbib Warning: Citation `r' on page 6 undefined on input line 242.


Package natbib Warning: Citation `toth:2010' on page 6 undefined on input line 
252.

<lineup-wasp-8-rev.pdf, id=231, 445.665pt x 373.395pt>
File: lineup-wasp-8-rev.pdf Graphic file (type pdf)

<use lineup-wasp-8-rev.pdf>

Package natbib Warning: Citation `majumder:2011' on page 6 undefined on input l
ine 262.


Package natbib Warning: Citation `ripley:1996' on page 6 undefined on input lin
e 286.

<noise-2-rev.pdf, id=234, 228.855pt x 228.855pt>
File: noise-2-rev.pdf Graphic file (type pdf)
 <use noise-2-rev.pdf>
<noise-8-rev.pdf, id=235, 228.855pt x 228.855pt>
File: noise-8-rev.pdf Graphic file (type pdf)
 <use noise-8-rev.pdf>
<noise-15-rev.pdf, id=236, 228.855pt x 228.855pt>
File: noise-15-rev.pdf Graphic file (type pdf)
 <use noise-15-rev.pdf>
<noise-22-rev.pdf, id=237, 228.855pt x 228.855pt>
File: noise-22-rev.pdf Graphic file (type pdf)
 <use noise-22-rev.pdf>
<noise-28-rev.pdf, id=238, 228.855pt x 228.855pt>
File: noise-28-rev.pdf Graphic file (type pdf)
 <use noise-28-rev.pdf>

Package natbib Warning: Citation `toth:2010' on page 6 undefined on input line 
299.


Package natbib Warning: Citation `lee:2009' on page 6 undefined on input line 2
99.


Package natbib Warning: Citation `toth:2010' on page 6 undefined on input line 
299.


Package natbib Warning: Citation `toth:2007' on page 6 undefined on input line 
299.

[6] [7 <./lineup-wasp-8-rev.pdf> <./noise-2-rev.pdf> <./noise-8-rev.pdf> <./noi
se-15-rev.pdf> <./noise-22-rev.pdf> <./noise-28-rev.pdf>]

LaTeX Warning: Reference `sec:theory' on page 8 undefined on input line 326.

<sum-noise-real-2-rev.pdf, id=296, 505.89pt x 505.89pt>
File: sum-noise-real-2-rev.pdf Graphic file (type pdf)

<use sum-noise-real-2-rev.pdf> [8] [9 <./sum-noise-real-2-rev.pdf>]
<test_statistic_1-rev.pdf, id=321, 301.125pt x 228.855pt>
File: test_statistic_1-rev.pdf Graphic file (type pdf)

<use test_statistic_1-rev.pdf>
<test_statistic_2-rev.pdf, id=322, 301.125pt x 228.855pt>
File: test_statistic_2-rev.pdf Graphic file (type pdf)

<use test_statistic_2-rev.pdf>

Package natbib Warning: Citation `hennig:2010' on page 10 undefined on input li
ne 379.


Package natbib Warning: Citation `JW02' on page 10 undefined on input line 379.


<lineup-20-real-1-17-rev.pdf, id=325, 445.665pt x 373.395pt>
File: lineup-20-real-1-17-rev.pdf Graphic file (type pdf)

<use lineup-20-real-1-17-rev.pdf>
<lineup-100-noise-2-20-rev.pdf, id=326, 445.665pt x 373.395pt>
File: lineup-100-noise-2-20-rev.pdf Graphic file (type pdf)

<use lineup-100-noise-2-20-rev.pdf>

Package natbib Warning: Citation `turk' on page 10 undefined on input line 402.


[10 <./test_statistic_1-rev.pdf> <./test_statistic_2-rev.pdf>]
Underfull \vbox (badness 10000) has occurred while \output is active []

 [11 <./lineup-20-real-1-17-rev.pdf>]

LaTeX Warning: Reference `suc-rate-glm' on page 12 undefined on input line 413.


[12 <./lineup-100-noise-2-20-rev.pdf>]
<suc-rate-rep-int-glm-rev.pdf, id=376, 505.89pt x 505.89pt>
File: suc-rate-rep-int-glm-rev.pdf Graphic file (type pdf)

<use suc-rate-rep-int-glm-rev.pdf>

LaTeX Warning: Reference `params' on page 13 undefined on input line 424.


LaTeX Warning: Reference `time-taken' on page 13 undefined on input line 456.


Underfull \vbox (badness 10000) has occurred while \output is active []

 [13 <./suc-rate-rep-int-glm-rev.pdf>]
<time-taken-log-dot-rev.pdf, id=392, 469.755pt x 505.89pt>
File: time-taken-log-dot-rev.pdf Graphic file (type pdf)

<use time-taken-log-dot-rev.pdf>

LaTeX Warning: Reference `wbratio' on page 14 undefined on input line 473.

<wbratio-1.pdf, id=393, 361.35pt x 433.62pt>
File: wbratio-1.pdf Graphic file (type pdf)
 <use wbratio-1.pdf>
<wbratio-2.pdf, id=394, 361.35pt x 433.62pt>
File: wbratio-2.pdf Graphic file (type pdf)
 <use wbratio-2.pdf>

LaTeX Warning: Reference `null' on page 14 undefined on input line 485.


Package natbib Warning: Citation `roychowdhury:2012' on page 14 undefined on in
put line 485.

<suc-ratio-wbratio.pdf, id=395, 332.24126pt x 289.08pt>
File: suc-ratio-wbratio.pdf Graphic file (type pdf)

<use suc-ratio-wbratio.pdf> <mtime-ratio.pdf, id=396, 332.24126pt x 289.08pt>
File: mtime-ratio.pdf Graphic file (type pdf)

<use mtime-ratio.pdf> [14]

Package natbib Warning: Citation `hadley:2009' on page 15 undefined on input li
ne 503.

(./large-p-small-n-paper.bbl [15 <./time-taken-log-dot-rev.pdf>]
Underfull \vbox (badness 10000) has occurred while \output is active []

 [16 <./wbratio-1.pdf> <./wbratio-2.pdf>]
Underfull \hbox (badness 4621) in paragraph at lines 64--68
[]\OT1/ptm/m/n/10 Lee EK, Cook D (2009) A Pro-jec-tion Pur-suit In-dex for Larg
e $\OML/cmm/m/it/10 p$ \OT1/ptm/m/n/10 Small $\OML/cmm/m/it/10 n$ \OT1/ptm/m/n/
10 Data. Statis-tics and
 []


Underfull \hbox (badness 10000) in paragraph at lines 64--68
\OT1/ptm/m/n/10 Com-put-ing p []$\OT1/pcr/m/n/10 http : / / www . springerlink 
. com / content / g47n0n342761838m / ?p =
 []


Underfull \hbox (badness 10000) in paragraph at lines 108--110
[]\OT1/ptm/m/n/10 Wickham H, Cook D (2010) \OT1/pcr/m/n/10 tourr\OT1/ptm/m/n/10
 : Im-ple-ments Tour Meth-ods in Pure R Code.
 []


Underfull \vbox (badness 10000) has occurred while \output is active []

 [17 <./suc-ratio-wbratio.pdf> <./mtime-ratio.pdf>]) [18]

LaTeX Warning: Reference `tab:dimen' on page 19 undefined on input line 567.


Package natbib Warning: There were undefined citations.

[19] (./large-p-small-n-paper.aux

Package natbib Warning: Citation(s) may have changed.
(natbib)                Rerun to get citations correct.

)

LaTeX Warning: There were undefined references.


LaTeX Warning: Label(s) may have changed. Rerun to get cross-references right.

 ) 
Here is how much of TeX's memory you used:
 6747 strings out of 94073
 93831 string characters out of 1162984
 183680 words of memory out of 1500000
 9810 multiletter control sequences out of 10000+50000
 20896 words of font info for 58 fonts, out of 1200000 for 2000
 645 hyphenation exceptions out of 8191
 27i,15n,38p,1517b,440s stack positions out of 5000i,500n,6000p,200000b,5000s
{/usr/local/texlive/2007/texmf-dist/fonts/enc/dvips/base/8r.enc}</usr/local/t
exlive/2007/texmf-dist/fonts/type1/bluesky/cm/cmbsy10.pfb></usr/local/texlive/2
007/texmf-dist/fonts/type1/bluesky/cm/cmbx10.pfb></usr/local/texlive/2007/texmf
-dist/fonts/type1/bluesky/cm/cmbx7.pfb></usr/local/texlive/2007/texmf-dist/font
s/type1/bluesky/cm/cmex10.pfb></usr/local/texlive/2007/texmf-dist/fonts/type1/b
luesky/cm/cmmi10.pfb></usr/local/texlive/2007/texmf-dist/fonts/type1/bluesky/cm
/cmmi5.pfb></usr/local/texlive/2007/texmf-dist/fonts/type1/bluesky/cm/cmmi6.pfb
></usr/local/texlive/2007/texmf-dist/fonts/type1/bluesky/cm/cmmi7.pfb></usr/loc
al/texlive/2007/texmf-dist/fonts/type1/bluesky/cm/cmmi8.pfb></usr/local/texlive
/2007/texmf-dist/fonts/type1/bluesky/cm/cmr10.pfb></usr/local/texlive/2007/texm
f-dist/fonts/type1/bluesky/cm/cmr5.pfb></usr/local/texlive/2007/texmf-dist/font
s/type1/bluesky/cm/cmr6.pfb></usr/local/texlive/2007/texmf-dist/fonts/type1/blu
esky/cm/cmr7.pfb></usr/local/texlive/2007/texmf-dist/fonts/type1/bluesky/cm/cmr
8.pfb></usr/local/texlive/2007/texmf-dist/fonts/type1/bluesky/cm/cmsy10.pfb></u
sr/local/texlive/2007/texmf-dist/fonts/type1/bluesky/cm/cmsy6.pfb></usr/local/t
exlive/2007/texmf-dist/fonts/type1/bluesky/cm/cmsy7.pfb></usr/local/texlive/200
7/texmf-dist/fonts/type1/bluesky/cm/cmsy8.pfb></usr/local/texlive/2007/texmf-di
st/fonts/type1/public/cmex/fmex7.pfb></usr/local/texlive/2007/texmf-dist/fonts/
type1/urw/courier/ucrr8a.pfb></usr/local/texlive/2007/texmf-dist/fonts/type1/ur
w/times/utmb8a.pfb></usr/local/texlive/2007/texmf-dist/fonts/type1/urw/times/ut
mr8a.pfb>
Output written on large-p-small-n-paper.pdf (19 pages, 547009 bytes).
PDF statistics:
 596 PDF objects out of 1000 (max. 8388607)
 93 named destinations out of 1000 (max. 131072)
 175 words of extra memory for PDF output out of 10000 (max. 10000000)

