This is pdfTeX, Version 3.1415926-1.40.11 (TeX Live 2010) (format=pdflatex 2010.7.21)  17 FEB 2013 23:00
entering extended mode
 \write18 enabled.
 file:line:error style messages enabled.
 %&-line parsing enabled.
**large-p-small-n-paper.tex
(./large-p-small-n-paper.tex
LaTeX2e <2009/09/24>
Babel <v3.8l> and hyphenation patterns for english, dumylang, nohyphenation, ge
rman-x-2009-06-19, ngerman-x-2009-06-19, ancientgreek, ibycus, arabic, armenian
, basque, bulgarian, catalan, pinyin, coptic, croatian, czech, danish, dutch, u
kenglish, usenglishmax, esperanto, estonian, farsi, finnish, french, galician, 
german, ngerman, swissgerman, monogreek, greek, hungarian, icelandic, assamese,
 bengali, gujarati, hindi, kannada, malayalam, marathi, oriya, panjabi, tamil, 
telugu, indonesian, interlingua, irish, italian, kurmanji, lao, latin, latvian,
 lithuanian, mongolian, mongolianlmc, bokmal, nynorsk, polish, portuguese, roma
nian, russian, sanskrit, serbian, slovak, slovenian, spanish, swedish, turkish,
 turkmen, ukrainian, uppersorbian, welsh, loaded.

LaTeX Warning: File `example.eps' already exists on the system.
               Not generating it from this source.

(/usr/local/texlive/2010/texmf-dist/tex/latex/base/fix-cm.sty
Package: fix-cm 2006/09/13 v1.1m fixes to LaTeX

(/usr/local/texlive/2010/texmf-dist/tex/latex/base/ts1enc.def
File: ts1enc.def 2001/06/05 v3.0e (jk/car/fm) Standard LaTeX file
)) (./svjour3.cls
Document Class: svjour3 2007/05/08 v3.2 
LaTeX document class for Springer journals
Class Springer-SVJour3 Info: extra/valid Springer sub-package (-> *.clo) 
(Springer-SVJour3)           not found in option list of \documentclass
(Springer-SVJour3)           - autoactivating "global" style.
(./svglov3.clo
File: svglov3.clo 2009/12/18 v3.2 style option for standardised journals

SVJour Class option: svglov3.clo for standardised journals
)
LaTeX Font Info:    Redeclaring math symbol \Gamma on input line 147.
LaTeX Font Info:    Redeclaring math symbol \Delta on input line 148.
LaTeX Font Info:    Redeclaring math symbol \Theta on input line 149.
LaTeX Font Info:    Redeclaring math symbol \Lambda on input line 150.
LaTeX Font Info:    Redeclaring math symbol \Xi on input line 151.
LaTeX Font Info:    Redeclaring math symbol \Pi on input line 152.
LaTeX Font Info:    Redeclaring math symbol \Sigma on input line 153.
LaTeX Font Info:    Redeclaring math symbol \Upsilon on input line 154.
LaTeX Font Info:    Redeclaring math symbol \Phi on input line 155.
LaTeX Font Info:    Redeclaring math symbol \Psi on input line 156.
LaTeX Font Info:    Redeclaring math symbol \Omega on input line 157.
\logodepth=\dimen102
\headerboxheight=\dimen103
\betweenumberspace=\dimen104
\aftertext=\dimen105
\headlineindent=\dimen106
\c@inst=\count79
\c@auth=\count80
\instindent=\dimen107
\authrun=\box26
\authorrunning=\toks14
\titrun=\box27
\titlerunning=\toks15
\combirun=\box28
\c@lastpage=\count81
\rubricwidth=\dimen108
\c@section=\count82
\c@subsection=\count83
\c@subsubsection=\count84
\c@paragraph=\count85
\c@subparagraph=\count86
\spthmsep=\dimen109
\c@theorem=\count87
\c@case=\count88
\c@conjecture=\count89
\c@corollary=\count90
\c@definition=\count91
\c@example=\count92
\c@exercise=\count93
\c@lemma=\count94
\c@note=\count95
\c@problem=\count96
\c@property=\count97
\c@proposition=\count98
\c@question=\count99
\c@solution=\count100
\c@remark=\count101
\c@figure=\count102
\c@table=\count103
\abovecaptionskip=\skip41
\belowcaptionskip=\skip42
\figcapgap=\dimen110
\tabcapgap=\dimen111
\figgap=\dimen112
\bibindent=\dimen113
\@tempcntc=\count104
) (/usr/local/texlive/2010/texmf-dist/tex/latex/graphics/graphicx.sty
Package: graphicx 1999/02/16 v1.0f Enhanced LaTeX Graphics (DPC,SPQR)

(/usr/local/texlive/2010/texmf-dist/tex/latex/graphics/keyval.sty
Package: keyval 1999/03/16 v1.13 key=value parser (DPC)
\KV@toks@=\toks16
)
(/usr/local/texlive/2010/texmf-dist/tex/latex/graphics/graphics.sty
Package: graphics 2009/02/05 v1.0o Standard LaTeX Graphics (DPC,SPQR)

(/usr/local/texlive/2010/texmf-dist/tex/latex/graphics/trig.sty
Package: trig 1999/03/16 v1.09 sin cos tan (DPC)
)
(/usr/local/texlive/2010/texmf-dist/tex/latex/latexconfig/graphics.cfg
File: graphics.cfg 2010/04/23 v1.9 graphics configuration of TeX Live
)
Package graphics Info: Driver file: pdftex.def on input line 91.

(/usr/local/texlive/2010/texmf-dist/tex/latex/pdftex-def/pdftex.def
File: pdftex.def 2010/02/14 v0.04n Graphics/color for pdfTeX
\Gread@gobject=\count105
))
\Gin@req@height=\dimen114
\Gin@req@width=\dimen115
)
(/usr/local/texlive/2010/texmf-dist/tex/latex/psnfss/times.sty
Package: times 2005/04/12 PSNFSS-v9.2a (SPQR) 
)
(/usr/local/texlive/2010/texmf-dist/tex/latex/natbib/natbib.sty
Package: natbib 2009/11/07 8.31a (PWD, AO)
\bibhang=\skip43
\bibsep=\skip44
LaTeX Info: Redefining \cite on input line 694.
\c@NAT@ctr=\count106
)
(/usr/local/texlive/2010/texmf-dist/tex/latex/tools/multicol.sty
Package: multicol 2008/12/05 v1.6h multicolumn formatting (FMi)
\c@tracingmulticols=\count107
\mult@box=\box29
\multicol@leftmargin=\dimen116
\c@unbalance=\count108
\c@collectmore=\count109
\doublecol@number=\count110
\multicoltolerance=\count111
\multicolpretolerance=\count112
\full@width=\dimen117
\page@free=\dimen118
\premulticols=\dimen119
\postmulticols=\dimen120
\multicolsep=\skip45
\multicolbaselineskip=\skip46
\partial@page=\box30
\last@line=\box31
\mult@rightbox=\box32
\mult@grightbox=\box33
\mult@gfirstbox=\box34
\mult@firstbox=\box35
\@tempa=\box36
\@tempa=\box37
\@tempa=\box38
\@tempa=\box39
\@tempa=\box40
\@tempa=\box41
\@tempa=\box42
\@tempa=\box43
\@tempa=\box44
\@tempa=\box45
\@tempa=\box46
\@tempa=\box47
\@tempa=\box48
\@tempa=\box49
\@tempa=\box50
\@tempa=\box51
\@tempa=\box52
\c@columnbadness=\count113
\c@finalcolumnbadness=\count114
\last@try=\dimen121
\multicolovershoot=\dimen122
\multicolundershoot=\dimen123
\mult@nat@firstbox=\box53
\colbreak@box=\box54
)
(/usr/local/texlive/2010/texmf-dist/tex/latex/hyperref/hyperref.sty
Package: hyperref 2010/06/18 v6.81g Hypertext links for LaTeX

(/usr/local/texlive/2010/texmf-dist/tex/generic/oberdiek/ltxcmds.sty
Package: ltxcmds 2010/04/26 v1.7 LaTeX kernel commands for general use (HO)
)
(/usr/local/texlive/2010/texmf-dist/tex/generic/oberdiek/kvsetkeys.sty
Package: kvsetkeys 2010/03/01 v1.9 Key value parser (HO)

(/usr/local/texlive/2010/texmf-dist/tex/generic/oberdiek/infwarerr.sty
Package: infwarerr 2010/04/08 v1.3 Providing info/warning/message (HO)
)
(/usr/local/texlive/2010/texmf-dist/tex/generic/oberdiek/etexcmds.sty
Package: etexcmds 2010/01/28 v1.3 Prefix for e-TeX command names (HO)
Package etexcmds Info: Could not find \expanded.
(etexcmds)             That can mean that you are not using pdfTeX 1.50 or
(etexcmds)             that some package has redefined \expanded.
(etexcmds)             In the latter case, load this package earlier.
))
(/usr/local/texlive/2010/texmf-dist/tex/generic/oberdiek/pdfescape.sty
Package: pdfescape 2010/03/01 v1.9 Provides hex, PDF name and string conversion
s (HO)

(/usr/local/texlive/2010/texmf-dist/tex/generic/oberdiek/pdftexcmds.sty
Package: pdftexcmds 2010/04/01 v0.9 Utility functions of pdfTeX for LuaTeX (HO)


(/usr/local/texlive/2010/texmf-dist/tex/generic/oberdiek/ifluatex.sty
Package: ifluatex 2010/03/01 v1.3 Provides the ifluatex switch (HO)
Package ifluatex Info: LuaTeX not detected.
)
Package pdftexcmds Info: LuaTeX not detected.
Package pdftexcmds Info: \pdf@primitive is available.
Package pdftexcmds Info: \pdf@ifprimitive is available.
))
(/usr/local/texlive/2010/texmf-dist/tex/generic/oberdiek/ifpdf.sty
Package: ifpdf 2010/01/28 v2.1 Provides the ifpdf switch (HO)
Package ifpdf Info: pdfTeX in pdf mode detected.
)
(/usr/local/texlive/2010/texmf-dist/tex/generic/oberdiek/ifvtex.sty
Package: ifvtex 2010/03/01 v1.5 Switches for detecting VTeX and its modes (HO)
Package ifvtex Info: VTeX not detected.
)
(/usr/local/texlive/2010/texmf-dist/tex/generic/ifxetex/ifxetex.sty
Package: ifxetex 2009/01/23 v0.5 Provides ifxetex conditional
)
(/usr/local/texlive/2010/texmf-dist/tex/latex/oberdiek/hycolor.sty
Package: hycolor 2009/12/12 v1.6 Color options of hyperref/bookmark (HO)

(/usr/local/texlive/2010/texmf-dist/tex/latex/oberdiek/xcolor-patch.sty
Package: xcolor-patch 2009/12/12 xcolor patch
))
(/usr/local/texlive/2010/texmf-dist/tex/latex/oberdiek/letltxmacro.sty
Package: letltxmacro 2008/06/24 v1.3 Let assignment for LaTeX macros (HO)
)
\@linkdim=\dimen124
\Hy@linkcounter=\count115
\Hy@pagecounter=\count116

(/usr/local/texlive/2010/texmf-dist/tex/latex/hyperref/pd1enc.def
File: pd1enc.def 2010/06/18 v6.81g Hyperref: PDFDocEncoding definition (HO)
)
(/usr/local/texlive/2010/texmf-dist/tex/generic/oberdiek/intcalc.sty
Package: intcalc 2007/09/27 v1.1 Expandable integer calculations (HO)
)
(/usr/local/texlive/2010/texmf-dist/tex/latex/latexconfig/hyperref.cfg
File: hyperref.cfg 2002/06/06 v1.2 hyperref configuration of TeXLive
)
(/usr/local/texlive/2010/texmf-dist/tex/latex/oberdiek/kvoptions.sty
Package: kvoptions 2010/02/22 v3.7 Keyval support for LaTeX options (HO)
)
Package hyperref Info: Hyper figures OFF on input line 3658.
Package hyperref Info: Link nesting OFF on input line 3663.
Package hyperref Info: Hyper index ON on input line 3666.
Package hyperref Info: Plain pages OFF on input line 3673.
Package hyperref Info: Backreferencing OFF on input line 3678.

Implicit mode ON; LaTeX internals redefined
Package hyperref Info: Bookmarks ON on input line 3874.
(/usr/local/texlive/2010/texmf-dist/tex/latex/url/url.sty
\Urlmuskip=\muskip10
Package: url 2006/04/12  ver 3.3  Verb mode for urls, etc.
)
LaTeX Info: Redefining \url on input line 4159.

(/usr/local/texlive/2010/texmf-dist/tex/generic/oberdiek/bitset.sty
Package: bitset 2007/09/28 v1.0 Data type bit set (HO)

(/usr/local/texlive/2010/texmf-dist/tex/generic/oberdiek/bigintcalc.sty
Package: bigintcalc 2007/11/11 v1.1 Expandable big integer calculations (HO)
))
\Fld@menulength=\count117
\Field@Width=\dimen125
\Fld@charsize=\dimen126
\Field@toks=\toks17
Package hyperref Info: Hyper figures OFF on input line 5137.
Package hyperref Info: Link nesting OFF on input line 5142.
Package hyperref Info: Hyper index ON on input line 5145.
Package hyperref Info: backreferencing OFF on input line 5152.
Package hyperref Info: Link coloring OFF on input line 5157.
Package hyperref Info: Link coloring with OCG OFF on input line 5162.
Package hyperref Info: PDF/A mode OFF on input line 5167.
LaTeX Info: Redefining \ref on input line 5207.
LaTeX Info: Redefining \pageref on input line 5211.

(/usr/local/texlive/2010/texmf-dist/tex/generic/oberdiek/atbegshi.sty
Package: atbegshi 2010/03/25 v1.12 At begin shipout hook (HO)
)
\Hy@abspage=\count118
\c@Item=\count119
\c@Hfootnote=\count120
)
* hyperref using default driver hpdftex *
(/usr/local/texlive/2010/texmf-dist/tex/latex/hyperref/hpdftex.def
File: hpdftex.def 2010/06/18 v6.81g Hyperref driver for pdfTeX

(/usr/local/texlive/2010/texmf-dist/tex/latex/oberdiek/atveryend.sty
Package: atveryend 2010/03/24 v1.5 Hooks at very end of document (HO)
Package atveryend Info: \enddocument detected (standard).
)
\Fld@listcount=\count121
\c@bookmark@seq@number=\count122

(/usr/local/texlive/2010/texmf-dist/tex/latex/oberdiek/rerunfilecheck.sty
Package: rerunfilecheck 2010/03/16 v1.6 Rerun checks for auxiliary files (HO)

(/usr/local/texlive/2010/texmf-dist/tex/generic/oberdiek/uniquecounter.sty
Package: uniquecounter 2009/12/18 v1.1 Provides unlimited unique counter (HO)
)
Package uniquecounter Info: New unique counter `rerunfilecheck' on input line 2
71.
)
\Hy@SectionHShift=\skip47
)
(/usr/local/texlive/2010/texmf-dist/tex/latex/amsmath/amsmath.sty
Package: amsmath 2000/07/18 v2.13 AMS math features
\@mathmargin=\skip48

For additional information on amsmath, use the `?' option.
(/usr/local/texlive/2010/texmf-dist/tex/latex/amsmath/amstext.sty
Package: amstext 2000/06/29 v2.01

(/usr/local/texlive/2010/texmf-dist/tex/latex/amsmath/amsgen.sty
File: amsgen.sty 1999/11/30 v2.0
\@emptytoks=\toks18
\ex@=\dimen127
))
(/usr/local/texlive/2010/texmf-dist/tex/latex/amsmath/amsbsy.sty
Package: amsbsy 1999/11/29 v1.2d
\pmbraise@=\dimen128
)
(/usr/local/texlive/2010/texmf-dist/tex/latex/amsmath/amsopn.sty
Package: amsopn 1999/12/14 v2.01 operator names
)
\inf@bad=\count123
LaTeX Info: Redefining \frac on input line 211.
\uproot@=\count124
\leftroot@=\count125
LaTeX Info: Redefining \overline on input line 307.
\classnum@=\count126
\DOTSCASE@=\count127
LaTeX Info: Redefining \ldots on input line 379.
LaTeX Info: Redefining \dots on input line 382.
LaTeX Info: Redefining \cdots on input line 467.
\Mathstrutbox@=\box55
\strutbox@=\box56
\big@size=\dimen129
LaTeX Font Info:    Redeclaring font encoding OML on input line 567.
LaTeX Font Info:    Redeclaring font encoding OMS on input line 568.


Package amsmath Warning: Unable to redefine math accent \vec.

\macc@depth=\count128
\c@MaxMatrixCols=\count129
\dotsspace@=\muskip11
\c@parentequation=\count130
\dspbrk@lvl=\count131
\tag@help=\toks19
\row@=\count132
\column@=\count133
\maxfields@=\count134
\andhelp@=\toks20
\eqnshift@=\dimen130
\alignsep@=\dimen131
\tagshift@=\dimen132
\tagwidth@=\dimen133
\totwidth@=\dimen134
\lineht@=\dimen135
\@envbody=\toks21
\multlinegap=\skip49
\multlinetaggap=\skip50
\mathdisplay@stack=\toks22
LaTeX Info: Redefining \[ on input line 2666.
LaTeX Info: Redefining \] on input line 2667.
) (/usr/local/texlive/2010/texmf-dist/tex/latex/amsfonts/amssymb.sty
Package: amssymb 2009/06/22 v3.00

(/usr/local/texlive/2010/texmf-dist/tex/latex/amsfonts/amsfonts.sty
Package: amsfonts 2009/06/22 v3.00 Basic AMSFonts support
\symAMSa=\mathgroup4
\symAMSb=\mathgroup5
LaTeX Font Info:    Overwriting math alphabet `\mathfrak' in version `bold'
(Font)                  U/euf/m/n --> U/euf/b/n on input line 96.
))
(/usr/local/texlive/2010/texmf-dist/tex/latex/preprint/fullpage.sty
Package: fullpage 1999/02/23 1.1 (PWD)
\FP@margin=\skip51
)
(/usr/local/texlive/2010/texmf-dist/tex/latex/tools/array.sty
Package: array 2008/09/09 v2.4c Tabular extension package (FMi)
\col@sep=\dimen136
\extrarowheight=\dimen137
\NC@list=\toks23
\extratabsurround=\skip52
\backup@length=\skip53
)
(/usr/local/texlive/2010/texmf-dist/tex/latex/algorithm2e/algorithm2e.sty
Package: algorithm2e 2008/00/00 v3.10 algorithms environments
\c@AlgoLine=\count135

(/usr/local/texlive/2010/texmf-dist/tex/latex/base/ifthen.sty
Package: ifthen 2001/05/26 v1.1c Standard LaTeX ifthen package (DPC)
)
(/usr/local/texlive/2010/texmf-dist/tex/latex/tools/xspace.sty
Package: xspace 2006/05/08 v1.12 Space after command names (DPC,MH)
)
(/usr/local/texlive/2010/texmf-dist/tex/latex/relsize/relsize.sty
Package: relsize 2003/07/04 ver 3.1


Package relsize Warning: Failed to get list of font sizes.
(relsize)                Falling back to old definition. on input line 81.

)
********************************************************
Package `algorithm2e' Release 4.01 -- december 14 2009 --
- algorithm2e-announce@lirmm.fr mailing list for announcement about releases
- algorithm2e-discussion@lirmm.fr mailing list for discussion about package
subscribe by emailing sympa@lirmm.fr with 'subscribe <list> <firstname name>'
- Author: Christophe Fiorio (fiorio@lirmm.fr)
********************************************************
\skiptotal=\skip54
\skiplinenumber=\skip55
\skiprule=\skip56
\skiphlne=\skip57
\skiptext=\skip58
\skiplength=\skip59
\algomargin=\skip60
\skipalgocfslide=\skip61
\algowidth=\dimen138
\inoutsize=\dimen139
\inoutline=\dimen140
\interspacetitleruled=\dimen141
\interspacealgoruled=\dimen142
\interspacetitleboxruled=\dimen143
\algocf@inoutbox=\box57
\algocf@inputbox=\box58
\AlCapSkip=\skip62
\AlCapHSkip=\skip63
\algocf@nlbox=\box59
\algocf@hangingbox=\box60
\algocf@capbox=\box61
\algoheightruledefault=\skip64
\algoheightrule=\skip65
\algotitleheightruledefault=\skip66
\algotitleheightrule=\skip67
\c@algocfline=\count136
\c@algocfproc=\count137
\c@algocf=\count138
\algocf@algoframe=\box62
\algocf@algobox=\box63
) (/usr/local/texlive/2010/texmf-dist/tex/latex/mh/mathtools.sty
Package: mathtools 2010/07/11 v1.08 mathematical typesetting tools (MH)

(/usr/local/texlive/2010/texmf-dist/tex/latex/tools/calc.sty
Package: calc 2007/08/22 v4.3 Infix arithmetic (KKT,FJ)
\calc@Acount=\count139
\calc@Bcount=\count140
\calc@Adimen=\dimen144
\calc@Bdimen=\dimen145
\calc@Askip=\skip68
\calc@Bskip=\skip69
LaTeX Info: Redefining \setlength on input line 76.
LaTeX Info: Redefining \addtolength on input line 77.
\calc@Ccount=\count141
\calc@Cskip=\skip70
)
(/usr/local/texlive/2010/texmf-dist/tex/latex/mh/mhsetup.sty
Package: mhsetup 2010/01/21 v1.2a programming setup (MH)
)
\g_MT_multlinerow_int=\count142
\l_MT_multwidth_dim=\dimen146
)
(/usr/local/texlive/2010/texmf-dist/tex/latex/xpackages/xbase/xparse.sty
(/usr/local/texlive/2010/texmf-dist/tex/latex/expl3/l3names.sty
Package: l3names 2010/07/11 v1981 L3 Experimental Naming Scheme for TeX Primiti
ves
)
Package: xparse 2010/05/23 v1927 Generic document command parser

(/usr/local/texlive/2010/texmf-dist/tex/latex/expl3/expl3.sty
Package: expl3 2010/07/13 v1982 L3 Experimental code bundle wrapper

(/usr/local/texlive/2010/texmf-dist/tex/latex/etex-pkg/etex.sty
Package: etex 1998/03/26 v2.0 eTeX basic definition package (PEB)
\et@xins=\count143
)
(/usr/local/texlive/2010/texmf-dist/tex/latex/expl3/l3basics.sty
Package: l3basics 2010/06/07 v1942 L3 Experimental basic definitions
)
(/usr/local/texlive/2010/texmf-dist/tex/latex/expl3/l3expan.sty
Package: l3expan 2010/06/10 v1948 L3 Experimental Argument Expansion module
)
(/usr/local/texlive/2010/texmf-dist/tex/latex/expl3/l3tl.sty
Package: l3tl 2010/05/22 v1919 L3 Experimental Token Lists
)
(/usr/local/texlive/2010/texmf-dist/tex/latex/expl3/l3intexpr.sty
Package: l3intexpr 2010/06/15 v1957 L3 Integer Expressions
)
(/usr/local/texlive/2010/texmf-dist/tex/latex/expl3/l3quark.sty
Package: l3quark 2010/03/21 v1853 L3 Experimental Quark Commands
)
(/usr/local/texlive/2010/texmf-dist/tex/latex/expl3/l3seq.sty
Package: l3seq 2010/03/29 v1879 L3 Experimental sequences and stacks
)
(/usr/local/texlive/2010/texmf-dist/tex/latex/expl3/l3toks.sty
Package: l3toks 2010/05/25 v1933 L3 Experimental Token Registers
\l_tmpb_toks=\toks24
\l_tmpc_toks=\toks25
\g_tmpa_toks=\toks26
\g_tmpb_toks=\toks27
\g_tmpc_toks=\toks28
\c_empty_toks=\toks29
\l_tl_replace_toks=\toks30
)
(/usr/local/texlive/2010/texmf-dist/tex/latex/expl3/l3int.sty
Package: l3int 2010/05/25 v1933 L3 Experimental Integer module
\l_tmpa_int=\count144
\l_tmpb_int=\count145
\l_tmpc_int=\count146
\g_tmpa_int=\count147
\g_tmpb_int=\count148
\c_max_int=\count149
\g_tl_inline_level_int=\count150
)
(/usr/local/texlive/2010/texmf-dist/tex/latex/expl3/l3prg.sty
Package: l3prg 2010/03/21 v1853 L3 Experimental control structures
\g_prg_inline_level_int=\count151
)
(/usr/local/texlive/2010/texmf-dist/tex/latex/expl3/l3clist.sty
Package: l3clist 2010/03/29 v1878 L3 Experimental comma separated lists
\g_clist_inline_level_int=\count152
)
(/usr/local/texlive/2010/texmf-dist/tex/latex/expl3/l3token.sty
Package: l3token 2010/04/11 v1890 L3 Experimental token investigation and manip
ulation
)
(/usr/local/texlive/2010/texmf-dist/tex/latex/expl3/l3prop.sty
Package: l3prop 2010/03/21 v1857 L3 Experimental Property Lists
\g_prop_inline_level_int=\count153
)
(/usr/local/texlive/2010/texmf-dist/tex/latex/expl3/l3msg.sty
Package: l3msg 2010/03/23 v1866 L3 Experimental LaTeX Messages module
\l_msg_redirect_classes_prop=\toks31
\l_msg_redirect_names_prop=\toks32
\l_msg_redirect_fatal_prop=\toks33
\l_msg_redirect_error_prop=\toks34
\l_msg_redirect_warning_prop=\toks35
\l_msg_redirect_info_prop=\toks36
\l_msg_redirect_log_prop=\toks37
\l_msg_redirect_trace_prop=\toks38
\l_msg_redirect_none_prop=\toks39
)
(/usr/local/texlive/2010/texmf-dist/tex/latex/expl3/l3io.sty
Package: l3io 2010/05/22 v1923 L3 Experimental i/o module
\g_iow_streams_prop=\toks40
\g_ior_streams_prop=\toks41
\l_iow_stream_int=\count154
)
(/usr/local/texlive/2010/texmf-dist/tex/latex/expl3/l3skip.sty
Package: l3skip 2010/05/25 v1933 L3 Experimental skip registers
\l_tmpa_skip=\skip71
\l_tmpb_skip=\skip72
\l_tmpc_skip=\skip73
\g_tmpa_skip=\skip74
\g_tmpb_skip=\skip75
\l_tmpa_dim=\dimen147
\l_tmpb_dim=\dimen148
\l_tmpc_dim=\dimen149
\l_tmpd_dim=\dimen150
\g_tmpa_dim=\dimen151
\g_tmpb_dim=\dimen152
)
(/usr/local/texlive/2010/texmf-dist/tex/latex/expl3/l3box.sty
Package: l3box 2010/05/22 v1919 L3 Experimental Box module
\l_tmpb_box=\box64
)
(/usr/local/texlive/2010/texmf-dist/tex/latex/expl3/l3keyval.sty
Package: l3keyval 2010/04/11 v1890 L3 Experimental keyval processing
\l_KV_level_int=\count155
)
(/usr/local/texlive/2010/texmf-dist/tex/latex/expl3/l3keys.sty
Package: l3keys 2010/05/24 v1931 L3 Experimental key-value support
\l_keys_choice_int=\count156
)
(/usr/local/texlive/2010/texmf-dist/tex/latex/expl3/l3precom.sty
Package: l3precom 2010/02/09 v1793 L3 Experimental precompilation module
\g_gen_sym_int=\count157
\g_ggen_sym_int=\count158
)
(/usr/local/texlive/2010/texmf-dist/tex/latex/expl3/l3xref.sty
Package: l3xref 2010/02/09 v1786 L3 Experimental cross referencing
\g_xref_all_curr_immediate_fields_prop=\toks42
\g_xref_all_curr_deferred_fields_prop=\toks43
)
(/usr/local/texlive/2010/texmf-dist/tex/latex/expl3/l3file.sty
Package: l3file 2010/03/21 v1853 L3 Experimental file loading
)
(/usr/local/texlive/2010/texmf-dist/tex/latex/expl3/l3fp.sty
Package: l3fp 2010/07/08 v1979 L3 Experimental floating-point operations
\l_fp_input_a_integer_int=\count159
\l_fp_input_a_decimal_int=\count160
\l_fp_input_b_integer_int=\count161
\l_fp_input_b_decimal_int=\count162
\l_fp_input_a_sign_int=\count163
\l_fp_input_b_sign_int=\count164
\l_fp_split_sign_int=\count165
\l_fp_mul_a_i_int=\count166
\l_fp_mul_a_ii_int=\count167
\l_fp_mul_a_iii_int=\count168
\l_fp_mul_a_iv_int=\count169
\l_fp_mul_a_v_int=\count170
\l_fp_mul_a_vi_int=\count171
\l_fp_mul_b_i_int=\count172
\l_fp_mul_b_ii_int=\count173
\l_fp_mul_b_iii_int=\count174
\l_fp_mul_b_iv_int=\count175
\l_fp_mul_b_v_int=\count176
\l_fp_mul_b_vi_int=\count177
\l_fp_mul_output_int=\count178
\l_fp_div_count_int=\count179
\l_fp_div_offset_int=\count180
\l_fp_output_sign_int=\count181
\l_fp_output_integer_int=\count182
\l_fp_output_decimal_int=\count183
\l_fp_round_discard_int=\count184
\l_fp_round_position_int=\count185
\l_fp_tmp_int=\count186
\c_one_hundred_million=\count187
\c_one_thousand_million=\count188
\l_fp_tmp_dim=\dimen153
\l_fp_round_precision_int=\count189
))
\c_xparse_shorthands_prop=\toks44
\l_xparse_m_args_int=\count190
\l_xparse_mandatory_args_int=\count191
\l_xparse_processor_int=\count192
\l_xparse_total_args_int=\count193
)
(/usr/local/texlive/2010/texmf-dist/tex/latex/graphics/color.sty
Package: color 2005/11/14 v1.0j Standard LaTeX Color (DPC)

(/usr/local/texlive/2010/texmf-dist/tex/latex/latexconfig/color.cfg
File: color.cfg 2007/01/18 v1.5 color configuration of teTeX/TeXLive
)
Package color Info: Driver file: pdftex.def on input line 130.
)
(/usr/local/texlive/2010/texmf-dist/tex/latex/subfigure/subfigure.sty
Package: subfigure 2002/03/15 v2.1.5 subfigure package
\subfigtopskip=\skip76
\subfigcapskip=\skip77
\subfigcaptopadj=\dimen154
\subfigbottomskip=\skip78
\subfigcapmargin=\dimen155
\subfiglabelskip=\skip79
\c@subfigure=\count194
\c@lofdepth=\count195
\c@subtable=\count196
\c@lotdepth=\count197

****************************************
* Local config file subfigure.cfg used *
****************************************
(/usr/local/texlive/2010/texmf-dist/tex/latex/subfigure/subfigure.cfg)
\subfig@top=\skip80
\subfig@bottom=\skip81
)
\c@thm=\count198
\c@dfn=\count199
\c@cor=\count200
\c@con=\count201

(./large-p-small-n-paper.aux)
\openout1 = `large-p-small-n-paper.aux'.

LaTeX Font Info:    Checking defaults for OML/cmm/m/it on input line 72.
LaTeX Font Info:    ... okay on input line 72.
LaTeX Font Info:    Checking defaults for T1/cmr/m/n on input line 72.
LaTeX Font Info:    ... okay on input line 72.
LaTeX Font Info:    Checking defaults for OT1/cmr/m/n on input line 72.
LaTeX Font Info:    ... okay on input line 72.
LaTeX Font Info:    Checking defaults for OMS/cmsy/m/n on input line 72.
LaTeX Font Info:    ... okay on input line 72.
LaTeX Font Info:    Checking defaults for OMX/cmex/m/n on input line 72.
LaTeX Font Info:    ... okay on input line 72.
LaTeX Font Info:    Checking defaults for U/cmr/m/n on input line 72.
LaTeX Font Info:    ... okay on input line 72.
LaTeX Font Info:    Checking defaults for TS1/cmr/m/n on input line 72.
LaTeX Font Info:    ... okay on input line 72.
LaTeX Font Info:    Checking defaults for PD1/pdf/m/n on input line 72.
LaTeX Font Info:    ... okay on input line 72.
LaTeX Font Info:    Try loading font information for OT1+ptm on input line 72.

(/usr/local/texlive/2010/texmf-dist/tex/latex/psnfss/ot1ptm.fd
File: ot1ptm.fd 2001/06/04 font definitions for OT1/ptm.
)
Unknown journal: specify \journalname{<name of your journal>} in preambel

(/usr/local/texlive/2010/texmf-dist/tex/context/base/supp-pdf.mkii
[Loading MPS to PDF converter (version 2006.09.02).]
\scratchcounter=\count202
\scratchdimen=\dimen156
\scratchbox=\box65
\nofMPsegments=\count203
\nofMParguments=\count204
\everyMPshowfont=\toks45
\MPscratchCnt=\count205
\MPscratchDim=\dimen157
\MPnumerator=\count206
\everyMPtoPDFconversion=\toks46
) (/usr/local/texlive/2010/texmf-dist/tex/latex/oberdiek/epstopdf-base.sty
Package: epstopdf-base 2010/02/09 v2.5 Base part for package epstopdf

(/usr/local/texlive/2010/texmf-dist/tex/latex/oberdiek/grfext.sty
Package: grfext 2007/09/30 v1.0 Managing graphics extensions (HO)
)
Package grfext Info: Graphics extension search list:
(grfext)             [.png,.pdf,.jpg,.mps,.jpeg,.jbig2,.jb2,.PNG,.PDF,.JPG,.JPE
G,.JBIG2,.JB2,.eps]
(grfext)             \AppendGraphicsExtensions on input line 436.

(/usr/local/texlive/2010/texmf-dist/tex/latex/latexconfig/epstopdf-sys.cfg
File: epstopdf-sys.cfg 2010/07/13 v1.3 Configuration of (r)epstopdf for TeX Liv
e
))
\AtBeginShipoutBox=\box66
Package hyperref Info: Link coloring OFF on input line 72.

(/usr/local/texlive/2010/texmf-dist/tex/latex/hyperref/nameref.sty
Package: nameref 2010/04/30 v2.40 Cross-referencing by name of section

(/usr/local/texlive/2010/texmf-dist/tex/latex/oberdiek/refcount.sty
Package: refcount 2008/08/11 v3.1 Data extraction from references (HO)
)
(/usr/local/texlive/2010/texmf-dist/tex/generic/oberdiek/gettitlestring.sty
Package: gettitlestring 2009/12/18 v1.3 Cleanup title references (HO)
)
\c@section@level=\count207
)
LaTeX Info: Redefining \ref on input line 72.
LaTeX Info: Redefining \pageref on input line 72.
LaTeX Info: Redefining \nameref on input line 72.

(./large-p-small-n-paper.out) (./large-p-small-n-paper.out)
\@outlinefile=\write3
\openout3 = `large-p-small-n-paper.out'.


SVJour3 warning: Missing \journalname
LaTeX Font Info:    Font shape `OT1/ptm/bx/n' in size <10> not available
(Font)              Font shape `OT1/ptm/b/n' tried instead on input line 108.
LaTeX Font Info:    Font shape `OT1/ptm/bx/n' in size <13> not available
(Font)              Font shape `OT1/ptm/b/n' tried instead on input line 108.
LaTeX Font Info:    Try loading font information for U+msa on input line 108.
(/usr/local/texlive/2010/texmf-dist/tex/latex/amsfonts/umsa.fd
File: umsa.fd 2009/06/22 v3.00 AMS symbols A
)
LaTeX Font Info:    Try loading font information for U+msb on input line 108.

(/usr/local/texlive/2010/texmf-dist/tex/latex/amsfonts/umsb.fd
File: umsb.fd 2009/06/22 v3.00 AMS symbols B
) [1{/usr/local/texlive/2010/texmf-var/fonts/map/pdftex/updmap/pdftex.map}]
Underfull \hbox (badness 10000) in paragraph at lines 147--150

 []

<toth_lda.pdf, id=77, 433.62pt x 433.62pt>
File: toth_lda.pdf Graphic file (type pdf)
 <use toth_lda.pdf>
LaTeX Font Info:    Font shape `OT1/ptm/bx/n' in size <8> not available
(Font)              Font shape `OT1/ptm/b/n' tried instead on input line 159.
 [2 <./toth_lda.pdf>] <lineup-dot.pdf, id=111, 433.62pt x 361.35pt>
File: lineup-dot.pdf Graphic file (type pdf)
 <use lineup-dot.pdf>

pdfTeX warning: /usr/texbin/pdflatex (file ./down_arrow.pdf): PDF inclusion: fo
und PDF version <1.6>, but at most version <1.5> allowed
<down_arrow.pdf, id=118, 170.86836pt x 72.27pt>
File: down_arrow.pdf Graphic file (type pdf)
 <use down_arrow.pdf>
File: down_arrow.pdf Graphic file (type pdf)

<use down_arrow.pdf> <data-dot.pdf, id=119, 269.94553pt x 184.37381pt>
File: data-dot.pdf Graphic file (type pdf)

<use data-dot.pdf>
Overfull \hbox (66.0296pt too wide) in paragraph at lines 265--265
 [] 
 []

File: down_arrow.pdf Graphic file (type pdf)
<use down_arrow.pdf>
File: down_arrow.pdf Graphic file (type pdf)
 <use down_arrow.pdf>
<two-sided-rejection.pdf, id=120, 177.16919pt x 133.15889pt>
File: two-sided-rejection.pdf Graphic file (type pdf)

<use two-sided-rejection.pdf>
Overfull \hbox (45.90524pt too wide) in paragraph at lines 269--269
 [] 
 []

File: lineup-dot.pdf Graphic file (type pdf)
<use lineup-dot.pdf>
Overfull \hbox (83.06744pt too wide) in paragraph at lines 269--269
 [] 
 []

File: down_arrow.pdf Graphic file (type pdf)
<use down_arrow.pdf>
File: down_arrow.pdf Graphic file (type pdf)
 <use down_arrow.pdf> [3] [4 <./lineup-dot.pdf>]
LaTeX Font Info:    Try loading font information for OT1+pcr on input line 300.


(/usr/local/texlive/2010/texmf-dist/tex/latex/psnfss/ot1pcr.fd
File: ot1pcr.fd 2001/06/04 font definitions for OT1/pcr.
)
Underfull \hbox (badness 10000) in paragraph at lines 300--301

 []

[5 <./down_arrow.pdf> <./data-dot.pdf> <./two-sided-rejection.pdf>] [6]
<plot_real_1d_20_11.pdf, id=375, 433.62pt x 361.35pt>
File: plot_real_1d_20_11.pdf Graphic file (type pdf)

<use plot_real_1d_20_11.pdf> [7 <./plot_real_1d_20_11.pdf>]
<plot_2d_100_15.pdf, id=393, 433.62pt x 361.35pt>
File: plot_2d_100_15.pdf Graphic file (type pdf)
 <use plot_2d_100_15.pdf>
Underfull \vbox (badness 10000) has occurred while \output is active []

 [8 <./plot_2d_100_15.pdf>]
Underfull \hbox (badness 10000) in paragraph at lines 425--426

 []


Underfull \hbox (badness 10000) in paragraph at lines 431--432

 []


Underfull \hbox (badness 10000) in paragraph at lines 441--442

 []

[9] <sum-noise-real-2.pdf, id=415, 505.89pt x 505.89pt>
File: sum-noise-real-2.pdf Graphic file (type pdf)

<use sum-noise-real-2.pdf> [10] [11 <./sum-noise-real-2.pdf>]
<suc-rate-rep-int-glm.pdf, id=442, 505.89pt x 505.89pt>
File: suc-rate-rep-int-glm.pdf Graphic file (type pdf)

<use suc-rate-rep-int-glm.pdf> [12] [13 <./suc-rate-rep-int-glm.pdf>]
<time-taken-log-dot.pdf, id=476, 505.89pt x 505.89pt>
File: time-taken-log-dot.pdf Graphic file (type pdf)

<use time-taken-log-dot.pdf> [14 <./time-taken-log-dot.pdf>]
<wbratio-1.pdf, id=493, 361.35pt x 433.62pt>
File: wbratio-1.pdf Graphic file (type pdf)
 <use wbratio-1.pdf>
<wbratio-2.pdf, id=494, 361.35pt x 433.62pt>
File: wbratio-2.pdf Graphic file (type pdf)
 <use wbratio-2.pdf>

LaTeX Warning: Float too large for page by 15.30101pt on input line 733.

<suc-ratio-wbratio-glm.pdf, id=499, 505.89pt x 433.62pt>
File: suc-ratio-wbratio-glm.pdf Graphic file (type pdf)

<use suc-ratio-wbratio-glm.pdf>

Package hyperref Warning: Token not allowed in a PDF string (PDFDocEncoding):
(hyperref)                removing `math shift' on input line 778.


Package hyperref Warning: Token not allowed in a PDF string (PDFDocEncoding):
(hyperref)                removing `math shift' on input line 778.


Package hyperref Warning: Token not allowed in a PDF string (PDFDocEncoding):
(hyperref)                removing `math shift' on input line 778.


Package hyperref Warning: Token not allowed in a PDF string (PDFDocEncoding):
(hyperref)                removing `math shift' on input line 778.

<plot_1d_2.pdf, id=503, 433.62pt x 433.62pt>
File: plot_1d_2.pdf Graphic file (type pdf)
 <use plot_1d_2.pdf>
<plot_1d_20.pdf, id=504, 433.62pt x 433.62pt>
File: plot_1d_20.pdf Graphic file (type pdf)
 <use plot_1d_20.pdf>
<plot_1d_50.pdf, id=505, 433.62pt x 433.62pt>
File: plot_1d_50.pdf Graphic file (type pdf)
 <use plot_1d_50.pdf>
<plot_1d_100.pdf, id=506, 433.62pt x 433.62pt>
File: plot_1d_100.pdf Graphic file (type pdf)
 <use plot_1d_100.pdf>
<plot_2d_3.pdf, id=507, 433.62pt x 433.62pt>
File: plot_2d_3.pdf Graphic file (type pdf)
 <use plot_2d_3.pdf>
<plot_2d_20.pdf, id=508, 433.62pt x 433.62pt>
File: plot_2d_20.pdf Graphic file (type pdf)
 <use plot_2d_20.pdf>
<plot_2d_50.pdf, id=509, 433.62pt x 433.62pt>
File: plot_2d_50.pdf Graphic file (type pdf)
 <use plot_2d_50.pdf>
<plot_2d_100.pdf, id=510, 433.62pt x 433.62pt>
File: plot_2d_100.pdf Graphic file (type pdf)
 <use plot_2d_100.pdf>

Package amsmath Warning: Foreign command \atopwithdelims;
(amsmath)                \frac or \genfrac should be used instead
(amsmath)                 on input line 810.

[15] [16 <./wbratio-1.pdf> <./wbratio-2.pdf>] [17 <./suc-ratio-wbratio-glm.pdf>
 <./plot_1d_2.pdf> <./plot_1d_20.pdf> <./plot_1d_50.pdf> <./plot_1d_100.pdf> <.
/plot_2d_3.pdf> <./plot_2d_20.pdf> <./plot_2d_50.pdf> <./plot_2d_100.pdf>]
<probability-n-p.pdf, id=610, 505.89pt x 505.89pt>
File: probability-n-p.pdf Graphic file (type pdf)
 <use probability-n-p.pdf>
<toth_lineup_lda_3.pdf, id=615, 505.89pt x 433.62pt>
File: toth_lineup_lda_3.pdf Graphic file (type pdf)

<use toth_lineup_lda_3.pdf>
Overfull \hbox (2.32889pt too wide) in paragraph at lines 857--858
 [][] 
 []

[18 <./probability-n-p.pdf>]
Underfull \vbox (badness 10000) has occurred while \output is active []

 [19 <./toth_lineup_lda_3.pdf>] (./large-p-small-n-paper.bbl [20]
Underfull \hbox (badness 5832) in paragraph at lines 85--90
[]\OT1/ptm/m/n/10 E.-K. Lee and D. Cook.  A Pro-jec-tion Pur-suit In-dex for La
rge $\OML/cmm/m/it/10 p$ \OT1/ptm/m/n/10 Small $\OML/cmm/m/it/10 n$ \OT1/ptm/m/
n/10 Data.  \OT1/ptm/m/it/10 Statis-
 []


Underfull \hbox (badness 10000) in paragraph at lines 140--143
[]\OT1/ptm/m/n/10 H. Wick-ham and D. Cook.  \OT1/pcr/m/n/10 tourr\OT1/ptm/m/n/1
0 : Im-ple-ments Tour Meth-ods in Pure R Code.
 []

[21])
Package atveryend Info: Empty hook `BeforeClearDocument' on input line 990.
 [22]
Package atveryend Info: Empty hook `AfterLastShipout' on input line 990.
 (./large-p-small-n-paper.aux)
Package atveryend Info: Executing hook `AtVeryEndDocument' on input line 990.
Package rerunfilecheck Info: File `large-p-small-n-paper.out' has not changed.
(rerunfilecheck)             Checksum: E40B4E4ACE4937D106C1B20FD238A6BC;480.
 ) 
Here is how much of TeX's memory you used:
 12551 strings out of 493747
 195605 string characters out of 3143546
 290597 words of memory out of 3000000
 15483 multiletter control sequences out of 15000+200000
 22571 words of font info for 60 fonts, out of 3000000 for 9000
 714 hyphenation exceptions out of 8191
 38i,15n,35p,1520b,461s stack positions out of 5000i,500n,10000p,200000b,50000s
{/usr/local/texlive/2010/texmf-dist/fonts/enc/dvips/base/8r.enc}</usr/local/t
exlive/2010/texmf-dist/fonts/type1/public/amsfonts/cm/cmbsy10.pfb></usr/local/t
exlive/2010/texmf-dist/fonts/type1/public/amsfonts/cm/cmbx10.pfb></usr/local/te
xlive/2010/texmf-dist/fonts/type1/public/amsfonts/cm/cmex10.pfb></usr/local/tex
live/2010/texmf-dist/fonts/type1/public/amsfonts/cmextra/cmex7.pfb></usr/local/
texlive/2010/texmf-dist/fonts/type1/public/amsfonts/cm/cmmi10.pfb></usr/local/t
exlive/2010/texmf-dist/fonts/type1/public/amsfonts/cm/cmmi5.pfb></usr/local/tex
live/2010/texmf-dist/fonts/type1/public/amsfonts/cm/cmmi6.pfb></usr/local/texli
ve/2010/texmf-dist/fonts/type1/public/amsfonts/cm/cmmi7.pfb></usr/local/texlive
/2010/texmf-dist/fonts/type1/public/amsfonts/cm/cmmi8.pfb></usr/local/texlive/2
010/texmf-dist/fonts/type1/public/amsfonts/cm/cmmib10.pfb></usr/local/texlive/2
010/texmf-dist/fonts/type1/public/amsfonts/cm/cmr10.pfb></usr/local/texlive/201
0/texmf-dist/fonts/type1/public/amsfonts/cm/cmr5.pfb></usr/local/texlive/2010/t
exmf-dist/fonts/type1/public/amsfonts/cm/cmr6.pfb></usr/local/texlive/2010/texm
f-dist/fonts/type1/public/amsfonts/cm/cmr7.pfb></usr/local/texlive/2010/texmf-d
ist/fonts/type1/public/amsfonts/cm/cmr8.pfb></usr/local/texlive/2010/texmf-dist
/fonts/type1/public/amsfonts/cm/cmsy10.pfb></usr/local/texlive/2010/texmf-dist/
fonts/type1/public/amsfonts/cm/cmsy6.pfb></usr/local/texlive/2010/texmf-dist/fo
nts/type1/public/amsfonts/cm/cmsy7.pfb></usr/local/texlive/2010/texmf-dist/font
s/type1/public/amsfonts/cm/cmsy8.pfb></usr/local/texlive/2010/texmf-dist/fonts/
type1/urw/courier/ucrr8a.pfb></usr/local/texlive/2010/texmf-dist/fonts/type1/ur
w/times/utmb8a.pfb></usr/local/texlive/2010/texmf-dist/fonts/type1/urw/times/ut
mr8a.pfb></usr/local/texlive/2010/texmf-dist/fonts/type1/urw/times/utmri8a.pfb>

Output written on large-p-small-n-paper.pdf (22 pages, 681689 bytes).
PDF statistics:
 773 PDF objects out of 1000 (max. 8388607)
 637 compressed objects within 7 object streams
 81 named destinations out of 1000 (max. 500000)
 188 words of extra memory for PDF output out of 10000 (max. 10000000)

